c:\users\ginny\desktop\687ood\jingyiyang_project3\jingyiyang_project3\analyzer\x64\debug\vc140.pdb
c:\users\ginny\desktop\687ood\jingyiyang_project3\jingyiyang_project3\analyzer\x64\debug\vc140.idb
c:\users\ginny\desktop\687ood\jingyiyang_project3\jingyiyang_project3\analyzer\x64\debug\abstrsyntree.obj
c:\users\ginny\desktop\687ood\jingyiyang_project3\jingyiyang_project3\analyzer\x64\debug\filemgr.obj
c:\users\ginny\desktop\687ood\jingyiyang_project3\jingyiyang_project3\analyzer\x64\debug\filesystem.obj
c:\users\ginny\desktop\687ood\jingyiyang_project3\jingyiyang_project3\analyzer\x64\debug\grammarhelpers.obj
c:\users\ginny\desktop\687ood\jingyiyang_project3\jingyiyang_project3\analyzer\x64\debug\logger.obj
c:\users\ginny\desktop\687ood\jingyiyang_project3\jingyiyang_project3\analyzer\x64\debug\actionsandrules.obj
c:\users\ginny\desktop\687ood\jingyiyang_project3\jingyiyang_project3\analyzer\x64\debug\configureparser.obj
c:\users\ginny\desktop\687ood\jingyiyang_project3\jingyiyang_project3\analyzer\x64\debug\parser.obj
c:\users\ginny\desktop\687ood\jingyiyang_project3\jingyiyang_project3\analyzer\x64\debug\scopestack.obj
c:\users\ginny\desktop\687ood\jingyiyang_project3\jingyiyang_project3\analyzer\x64\debug\semiexp.obj
c:\users\ginny\desktop\687ood\jingyiyang_project3\jingyiyang_project3\analyzer\x64\debug\tokenizer.obj
c:\users\ginny\desktop\687ood\jingyiyang_project3\jingyiyang_project3\analyzer\x64\debug\utilities.obj
c:\users\ginny\desktop\687ood\jingyiyang_project3\jingyiyang_project3\analyzer\x64\debug\depanal.obj
c:\users\ginny\desktop\687ood\jingyiyang_project3\jingyiyang_project3\analyzer\x64\debug\deppublisher.obj
c:\users\ginny\desktop\687ood\jingyiyang_project3\jingyiyang_project3\analyzer\x64\debug\executive.obj
c:\users\ginny\desktop\687ood\jingyiyang_project3\jingyiyang_project3\analyzer\x64\debug\typeanal.obj
c:\users\ginny\desktop\687ood\jingyiyang_project3\jingyiyang_project3\analyzer\x64\debug\typetable.obj
c:\users\ginny\desktop\687ood\jingyiyang_project3\jingyiyang_project3\x64\debug\codeanalyzer.ilk
c:\users\ginny\desktop\687ood\jingyiyang_project3\jingyiyang_project3\x64\debug\codeanalyzer.exe
c:\users\ginny\desktop\687ood\jingyiyang_project3\jingyiyang_project3\x64\debug\codeanalyzer.pdb
c:\users\ginny\desktop\687ood\jingyiyang_project3\jingyiyang_project3\analyzer\x64\debug\executive.vcxprojresolveassemblyreference.cache
c:\users\ginny\desktop\687ood\jingyiyang_project3\jingyiyang_project3\analyzer\x64\debug\codeanalyzer.tlog\cl.command.1.tlog
c:\users\ginny\desktop\687ood\jingyiyang_project3\jingyiyang_project3\analyzer\x64\debug\codeanalyzer.tlog\cl.read.1.tlog
c:\users\ginny\desktop\687ood\jingyiyang_project3\jingyiyang_project3\analyzer\x64\debug\codeanalyzer.tlog\cl.write.1.tlog
c:\users\ginny\desktop\687ood\jingyiyang_project3\jingyiyang_project3\analyzer\x64\debug\codeanalyzer.tlog\link.command.1.tlog
c:\users\ginny\desktop\687ood\jingyiyang_project3\jingyiyang_project3\analyzer\x64\debug\codeanalyzer.tlog\link.read.1.tlog
c:\users\ginny\desktop\687ood\jingyiyang_project3\jingyiyang_project3\analyzer\x64\debug\codeanalyzer.tlog\link.write.1.tlog
