c:\users\ginny\desktop\687ood\jingyiyang_project2 (2)\jingyiyang_project2\codeanalyzerex\codeanalyzerex\oodproject1\xmldocument\xmldocument\x64\debug\xmldocument.pdb
c:\users\ginny\desktop\687ood\jingyiyang_project2 (2)\jingyiyang_project2\codeanalyzerex\codeanalyzerex\oodproject1\xmldocument\xmldocument\x64\debug\xmldocument.idb
c:\users\ginny\desktop\687ood\jingyiyang_project2 (2)\jingyiyang_project2\codeanalyzerex\codeanalyzerex\oodproject1\xmldocument\xmldocument\x64\debug\tokenizer.obj
c:\users\ginny\desktop\687ood\jingyiyang_project2 (2)\jingyiyang_project2\codeanalyzerex\codeanalyzerex\oodproject1\xmldocument\xmldocument\x64\debug\xmlelementparts.obj
c:\users\ginny\desktop\687ood\jingyiyang_project2 (2)\jingyiyang_project2\codeanalyzerex\codeanalyzerex\oodproject1\xmldocument\xmldocument\x64\debug\xmlelement.obj
c:\users\ginny\desktop\687ood\jingyiyang_project2 (2)\jingyiyang_project2\codeanalyzerex\codeanalyzerex\oodproject1\xmldocument\xmldocument\x64\debug\xmlparser.obj
c:\users\ginny\desktop\687ood\jingyiyang_project2 (2)\jingyiyang_project2\codeanalyzerex\codeanalyzerex\oodproject1\xmldocument\xmldocument\x64\debug\xmldocument.obj
c:\users\ginny\desktop\codeanalyzerex\oodproject1\xmldocument\xmldocument\x64\debug\xmldocument.pdb
c:\users\ginny\desktop\codeanalyzerex\oodproject1\xmldocument\xmldocument\x64\debug\xmldocument.idb
c:\users\ginny\desktop\codeanalyzerex\oodproject1\xmldocument\xmldocument\x64\debug\tokenizer.obj
c:\users\ginny\desktop\codeanalyzerex\oodproject1\xmldocument\xmldocument\x64\debug\xmlelementparts.obj
c:\users\ginny\desktop\codeanalyzerex\oodproject1\xmldocument\xmldocument\x64\debug\xmlelement.obj
c:\users\ginny\desktop\codeanalyzerex\oodproject1\xmldocument\xmldocument\x64\debug\xmlparser.obj
c:\users\ginny\desktop\codeanalyzerex\oodproject1\xmldocument\xmldocument\x64\debug\xmldocument.obj
c:\users\ginny\desktop\687ood\jingyiyang_project2 (2)\jingyiyang_project2\codeanalyzerex\codeanalyzerex\x64\debug\xmldocument.lib
c:\users\ginny\desktop\codeanalyzerex\x64\debug\xmldocument.lib
c:\users\ginny\desktop\codeanalyzerex\x64\debug\xmldocument.pdb
c:\users\ginny\desktop\codeanalyzerex\oodproject1\xmldocument\xmldocument\x64\debug\xmldocument.tlog\cl.command.1.tlog
c:\users\ginny\desktop\codeanalyzerex\oodproject1\xmldocument\xmldocument\x64\debug\xmldocument.tlog\cl.read.1.tlog
c:\users\ginny\desktop\codeanalyzerex\oodproject1\xmldocument\xmldocument\x64\debug\xmldocument.tlog\cl.write.1.tlog
c:\users\ginny\desktop\codeanalyzerex\oodproject1\xmldocument\xmldocument\x64\debug\xmldocument.tlog\lib-link.read.1.tlog
c:\users\ginny\desktop\codeanalyzerex\oodproject1\xmldocument\xmldocument\x64\debug\xmldocument.tlog\lib-link.write.1.tlog
c:\users\ginny\desktop\codeanalyzerex\oodproject1\xmldocument\xmldocument\x64\debug\xmldocument.tlog\lib.command.1.tlog
